[Server] Running REST and WebUI on 127.0.0.1:27003. WebUI is accessible via: http://127.0.0.1:27003
free(): invalid pointer
SIGABRT: abort
PC=0x7ff1ca85d80c m=27 sigcode=18446744073709551610
signal arrived during cgo execution

goroutine 103029 gp=0x2eddd0045c20 m=27 mp=0x2eddd0500808 [syscall]:
runtime.cgocall(0x1459390, 0x2eddd106b560)
	/usr/lib/golang/src/runtime/cgocall.go:167 +0x4b fp=0x2eddd106b538 sp=0x2eddd106b500 pc=0x48604b
github.com/sstallion/go-hid._Cfunc_hid_write(0x7ff12c000d00, 0x2eddd0f897c0, 0x41)
	_cgo_gotypes.go:504 +0x46 fp=0x2eddd106b560 sp=0x2eddd106b538 pc=0x575e06
github.com/sstallion/go-hid.(*Device).Write.func1(...)
	/home/eweiss/go/pkg/mod/github.com/sstallion/go-hid@v0.14.1/hid.go:209
github.com/sstallion/go-hid.(*Device).Write(0x2eddd0966ff0, {0x2eddd0f897c0, 0x41, 0x0?})
	/home/eweiss/go/pkg/mod/github.com/sstallion/go-hid@v0.14.1/hid.go:209 +0x7d fp=0x2eddd106b5a0 sp=0x2eddd106b560 pc=0x57699d
OpenLinkHub/src/devices/k95platinum.(*Device).transfer(0x2eddd0784d20, 0x7f, {0x2eddd106b7b7, 0x3f, 0x14bd100?}, {0x0, 0x0, 0x2eddd11567e0?})
	/home/eweiss/Documents/Github/OpenLinkHub/src/devices/k95platinum/k95platinum.go:2478 +0x1de fp=0x2eddd106b770 sp=0x2eddd106b5a0 pc=0xcb7d9e
OpenLinkHub/src/devices/k95platinum.(*Device).writeColor(0x2eddd0784d20, 0x2eddd106be28)
	/home/eweiss/Documents/Github/OpenLinkHub/src/devices/k95platinum/k95platinum.go:1977 +0x452 fp=0x2eddd106bb28 sp=0x2eddd106b770 pc=0xcb47d2
OpenLinkHub/src/devices/k95platinum.(*Device).writeColorCluster(0x2eddd0784d20, {0x2eddd1789dcd, 0x1f8, 0x204?}, 0x0?)
	/home/eweiss/Documents/Github/OpenLinkHub/src/devices/k95platinum/k95platinum.go:2027 +0x4a5 fp=0x2eddd106bf28 sp=0x2eddd106bb28 pc=0xcb5145
OpenLinkHub/src/devices/k95platinum.(*Device).writeColorCluster-fm({0x2eddd1789dcd?, 0x1e?, 0x0?}, 0x1?)
	<autogenerated>:1 +0x2b fp=0x2eddd106bf60 sp=0x2eddd106bf28 pc=0xcb808b
OpenLinkHub/src/cluster.(*Device).distributeColors.func1(0x45c950?, {0x2eddd1789dcd?, 0x5d7d3b?, 0x2eddd09f9080?})
	/home/eweiss/Documents/Github/OpenLinkHub/src/cluster/cluster.go:462 +0x5c fp=0x2eddd106bfb0 sp=0x2eddd106bf60 pc=0x63d41c
OpenLinkHub/src/cluster.(*Device).distributeColors.gowrap1()
	/home/eweiss/Documents/Github/OpenLinkHub/src/cluster/cluster.go:463 +0x27 fp=0x2eddd106bfe0 sp=0x2eddd106bfb0 pc=0x63d3a7
runtime.goexit({})
	/usr/lib/golang/src/runtime/asm_amd64.s:1771 +0x1 fp=0x2eddd106bfe8 sp=0x2eddd106bfe0 pc=0x490821
created by OpenLinkHub/src/cluster.(*Device).distributeColors in goroutine 36
	/home/eweiss/Documents/Github/OpenLinkHub/src/cluster/cluster.go:460 +0x28d

goroutine 1 gp=0x2eddcf9701e0 m=nil [IO wait, 4 minutes]:
runtime.gopark(0x0?, 0x0?, 0x0?, 0x0?, 0x0?)
	/usr/lib/golang/src/runtime/proc.go:462 +0xce fp=0x2eddd134d590 sp=0x2eddd134d570 pc=0x48908e
runtime.netpollblock(0x2eddd134d5e0?, 0x41a186?, 0x0?)
	/usr/lib/golang/src/runtime/netpoll.go:575 +0xf7 fp=0x2eddd134d5c8 sp=0x2eddd134d590 pc=0x44cb97
internal/poll.runtime_pollWait(0x7ff180840200, 0x72)
	/usr/lib/golang/src/runtime/netpoll.go:351 +0x85 fp=0x2eddd134d5e8 sp=0x2eddd134d5c8 pc=0x488265
internal/poll.(*pollDesc).wait(0x2eddd03ec680?, 0x900000036?, 0x0)
	/usr/lib/golang/src/internal/poll/fd_poll_runtime.go:84 +0x27 fp=0x2eddd134d610 sp=0x2eddd134d5e8 pc=0x4e3287
internal/poll.(*pollDesc).waitRead(...)
	/usr/lib/golang/src/internal/poll/fd_poll_runtime.go:89
internal/poll.(*FD).Accept(0x2eddd03ec680)
	/usr/lib/golang/src/internal/poll/fd_unix.go:613 +0x28c fp=0x2eddd134d6b8 sp=0x2eddd134d610 pc=0x4e830c
net.(*netFD).accept(0x2eddd03ec680)
	/usr/lib/golang/src/net/fd_unix.go:150 +0x29 fp=0x2eddd134d770 sp=0x2eddd134d6b8 pc=0x66ab09
net.(*TCPListener).accept(0x2eddd0932f00)
	/usr/lib/golang/src/net/tcpsock_posix.go:159 +0x1b fp=0x2eddd134d7c0 sp=0x2eddd134d770 pc=0x67da7b
net.(*TCPListener).Accept(0x2eddd0932f00)
	/usr/lib/golang/src/net/tcpsock.go:387 +0x30 fp=0x2eddd134d7f0 sp=0x2eddd134d7c0 pc=0x67cd10
net/http.(*onceCloseListener).Accept(0x2eddcfb062d0?)
	<autogenerated>:1 +0x1b fp=0x2eddd134d808 sp=0x2eddd134d7f0 pc=0x7c6f9b
net/http.(*Server).Serve(0x2eddcffdc100, {0x1691cc0, 0x2eddd0932f00})
	/usr/lib/golang/src/net/http/server.go:3434 +0x30c fp=0x2eddd134d938 sp=0x2eddd134d808 pc=0x7b58ac
net/http.(*Server).ListenAndServe(0x2eddcffdc100)
	/usr/lib/golang/src/net/http/server.go:3360 +0x72 fp=0x2eddd134d968 sp=0x2eddd134d938 pc=0x7b5492
OpenLinkHub/src/server.Init()
	/home/eweiss/Documents/Github/OpenLinkHub/src/server/server.go:3049 +0x46b fp=0x2eddd134df20 sp=0x2eddd134d968 pc=0x13e5aeb
OpenLinkHub/src/controller.Start()
	/home/eweiss/Documents/Github/OpenLinkHub/src/controller/controller.go:55 +0x1a5 fp=0x2eddd134df30 sp=0x2eddd134df20 pc=0x13e6485
main.main()
	/home/eweiss/Documents/Github/OpenLinkHub/main.go:26 +0x1f fp=0x2eddd134df48 sp=0x2eddd134df30 pc=0x13e6cbf
runtime.main()
	/usr/lib/golang/src/runtime/proc.go:290 +0x2d5 fp=0x2eddd134dfe0 sp=0x2eddd134df48 pc=0x454095
runtime.goexit({})
	/usr/lib/golang/src/runtime/asm_amd64.s:1771 +0x1 fp=0x2eddd134dfe8 sp=0x2eddd134dfe0 pc=0x490821

goroutine 2 gp=0x2eddcf970d20 m=nil [force gc (idle), 7 minutes]:
runtime.gopark(0x0?, 0x0?, 0x0?, 0x0?, 0x0?)
	/usr/lib/golang/src/runtime/proc.go:462 +0xce fp=0x2eddcfa08fa8 sp=0x2eddcfa08f88 pc=0x48908e
runtime.goparkunlock(...)
	/usr/lib/golang/src/runtime/proc.go:468
runtime.forcegchelper()
	/usr/lib/golang/src/runtime/proc.go:375 +0xb3 fp=0x2eddcfa08fe0 sp=0x2eddcfa08fa8 pc=0x4543b3
runtime.goexit({})
	/usr/lib/golang/src/runtime/asm_amd64.s:1771 +0x1 fp=0x2eddcfa08fe8 sp=0x2eddcfa08fe0 pc=0x490821
created by runtime.init.7 in goroutine 1
	/usr/lib/golang/src/runtime/proc.go:363 +0x1a

goroutine 3 gp=0x2eddcf9712c0 m=nil [GC sweep wait]:
runtime.gopark(0x1?, 0x0?, 0x0?, 0x0?, 0x0?)
	/usr/lib/golang/src/runtime/proc.go:462 +0xce fp=0x2eddcfa09788 sp=0x2eddcfa09768 pc=0x48908e
runtime.goparkunlock(...)
	/usr/lib/golang/src/runtime/proc.go:468
runtime.bgsweep(0x2eddcf9a4080)
	/usr/lib/golang/src/runtime/mgcsweep.go:324 +0x151 fp=0x2eddcfa097c8 sp=0x2eddcfa09788 pc=0x43e031
runtime.gcenable.gowrap1()
	/usr/lib/golang/src/runtime/mgc.go:214 +0x17 fp=0x2eddcfa097e0 sp=0x2eddcfa097c8 pc=0x42f397
runtime.goexit({})
	/usr/lib/golang/src/runtime/asm_amd64.s:1771 +0x1 fp=0x2eddcfa097e8 sp=0x2eddcfa097e0 pc=0x490821
created by runtime.gcenable in goroutine 1
	/usr/lib/golang/src/runtime/mgc.go:214 +0x66

goroutine 4 gp=0x2eddcf9714a0 m=nil [GC scavenge wait]:
runtime.gopark(0xb9c6d?, 0x753d3?, 0x0?, 0x0?, 0x0?)
	/usr/lib/golang/src/runtime/proc.go:462 +0xce fp=0x2eddcfa09f78 sp=0x2eddcfa09f58 pc=0x48908e
runtime.goparkunlock(...)
	/usr/lib/golang/src/runtime/proc.go:468
runtime.(*scavengerState).park(0x1f59ee0)
	/usr/lib/golang/src/runtime/mgcscavenge.go:425 +0x49 fp=0x2eddcfa09fa8 sp=0x2eddcfa09f78 pc=0x43baa9
runtime.bgscavenge(0x2eddcf9a4080)
	/usr/lib/golang/src/runtime/mgcscavenge.go:658 +0x59 fp=0x2eddcfa09fc8 sp=0x2eddcfa09fa8 pc=0x43c039
runtime.gcenable.gowrap2()
	/usr/lib/golang/src/runtime/mgc.go:215 +0x17 fp=0x2eddcfa09fe0 sp=0x2eddcfa09fc8 pc=0x42f357
runtime.goexit({})
	/usr/lib/golang/src/runtime/asm_amd64.s:1771 +0x1 fp=0x2eddcfa09fe8 sp=0x2eddcfa09fe0 pc=0x490821
created by runtime.gcenable in goroutine 1
	/usr/lib/golang/src/runtime/mgc.go:215 +0xa5

goroutine 5 gp=0x2eddcf971a40 m=nil [GOMAXPROCS updater (idle), 7 minutes]:
runtime.gopark(0x0?, 0x0?, 0x0?, 0x0?, 0x0?)
	/usr/lib/golang/src/runtime/proc.go:462 +0xce fp=0x2eddcfa0a788 sp=0x2eddcfa0a768 pc=0x48908e
runtime.goparkunlock(...)
	/usr/lib/golang/src/runtime/proc.go:468
runtime.updateMaxProcsGoroutine()
	/usr/lib/golang/src/runtime/proc.go:7095 +0xe7 fp=0x2eddcfa0a7e0 sp=0x2eddcfa0a788 pc=0x462927
runtime.goexit({})
	/usr/lib/golang/src/runtime/asm_amd64.s:1771 +0x1 fp=0x2eddcfa0a7e8 sp=0x2eddcfa0a7e0 pc=0x490821
created by runtime.defaultGOMAXPROCSUpdateEnable in goroutine 1
	/usr/lib/golang/src/runtime/proc.go:7083 +0x37

goroutine 6 gp=0x2eddcfa4a1e0 m=nil [finalizer wait, 7 minutes]:
runtime.gopark(0x0?, 0x1682520?, 0x40?, 0x60?, 0x2000000020?)
	/usr/lib/golang/src/runtime/proc.go:462 +0xce fp=0x2eddcfa08620 sp=0x2eddcfa08600 pc=0x48908e
runtime.runFinalizers()
	/usr/lib/golang/src/runtime/mfinal.go:210 +0x107 fp=0x2eddcfa087e0 sp=0x2eddcfa08620 pc=0x42e307
runtime.goexit({})
	/usr/lib/golang/src/runtime/asm_amd64.s:1771 +0x1 fp=0x2eddcfa087e8 sp=0x2eddcfa087e0 pc=0x490821
created by runtime.createfing in goroutine 1
	/usr/lib/golang/src/runtime/mfinal.go:172 +0x3d

goroutine 7 gp=0x2eddcfa4a3c0 m=nil [cleanup wait, 7 minutes]:
runtime.gopark(0x0?, 0x0?, 0x0?, 0x0?, 0x0?)
	/usr/lib/golang/src/runtime/proc.go:462 +0xce fp=0x2eddcfa0af68 sp=0x2eddcfa0af48 pc=0x48908e
runtime.goparkunlock(...)
	/usr/lib/golang/src/runtime/proc.go:468
runtime.(*cleanupQueue).dequeue(0x1f5a420)
	/usr/lib/golang/src/runtime/mcleanup.go:522 +0xd4 fp=0x2eddcfa0afa0 sp=0x2eddcfa0af68 pc=0x42b054
runtime.runCleanups()
	/usr/lib/golang/src/runtime/mcleanup.go:718 +0x45 fp=0x2eddcfa0afe0 sp=0x2eddcfa0afa0 pc=0x42b6c5
runtime.goexit({})
	/usr/lib/golang/src/runtime/asm_amd64.s:1771 +0x1 fp=0x2eddcfa0afe8 sp=0x2eddcfa0afe0 pc=0x490821
created by runtime.(*cleanupQueue).createGs in goroutine 1
	/usr/lib/golang/src/runtime/mcleanup.go:672 +0xa5

goroutine 8 gp=0x2eddcfa4a5a0 m=30 mp=0x2eddd1da2008 [syscall]:
syscall.Syscall(0x10, 0x1c, 0x720, 0x2eddd0214830)
	/usr/lib/golang/src/syscall/syscall_linux.go:74 +0x25 fp=0x2eddd02147d8 sp=0x2eddd0214778 pc=0x4a8485
OpenLinkHub/src/smbus.ioctl(...)
	/home/eweiss/Documents/Github/OpenLinkHub/src/smbus/smbus.go:95
OpenLinkHub/src/smbus.WriteBlockData(0x2eddcfbc8180, 0x19, 0x31, {0x2eddcfe5f4c0, 0x20, 0x4b1768?})
	/home/eweiss/Documents/Github/OpenLinkHub/src/smbus/smbus.go:137 +0x17c fp=0x2eddd0214858 sp=0x2eddd02147d8 pc=0xe2989c
OpenLinkHub/src/devices/memory.(*Device).transfer(0x2eddd0112000, {0x2eddcfe5f4a0, 0x1e, 0x16562e1?}, 0x19, 0xa, 0x31)
	/home/eweiss/Documents/Github/OpenLinkHub/src/devices/memory/memory.go:2224 +0x3b1 fp=0x2eddd0214eb0 sp=0x2eddd0214858 pc=0xe3bb11
OpenLinkHub/src/devices/memory.(*Device).Stop(0x2eddd0112000)
	/home/eweiss/Documents/Github/OpenLinkHub/src/devices/memory/memory.go:321 +0x8c5 fp=0x2eddd0215518 sp=0x2eddd0214eb0 pc=0xe2be05
runtime.call16(0x2eddd1a301b0, 0x2eddd0b90030, 0x0, 0x0, 0x0, 0x8, 0x2eddd0215770)
	/usr/lib/golang/src/runtime/asm_amd64.s:835 +0x3a fp=0x2eddd0215538 sp=0x2eddd0215518 pc=0x48f15a
runtime.reflectcall(0x2eddd19e0060?, 0x1?, 0x1?, 0xd1818048?, 0x2edd?, 0x1?, 0x1?)
	<autogenerated>:1 +0x2d fp=0x2eddd0215578 sp=0x2eddd0215538 pc=0x492fad
reflect.Value.call({0x15fffe0?, 0x2eddd0112000?, 0x2eddd0112000?}, {0x1648b39, 0x4}, {0x2eddd0215bd0, 0x0, 0x16a5ba8?})
	/usr/lib/golang/src/reflect/value.go:586 +0xf0c fp=0x2eddd0215ae0 sp=0x2eddd0215578 pc=0x51188c
reflect.Value.Call({0x15fffe0?, 0x2eddd0112000?, 0x2eddd0292010?}, {0x2eddd0215bd0?, 0x0?, 0x0?})
	/usr/lib/golang/src/reflect/value.go:369 +0xb9 fp=0x2eddd0215b58 sp=0x2eddd0215ae0 pc=0x510739
OpenLinkHub/src/devices.CallDeviceMethod({0x2eddd0292010, 0x4}, {0x16488c5, 0x4}, {0x0, 0x0, 0x2eddcfa0b5b8?})
	/home/eweiss/Documents/Github/OpenLinkHub/src/devices/devices.go:408 +0x49a fp=0x2eddd0215d60 sp=0x2eddd0215b58 pc=0x12d9f1a
OpenLinkHub/src/devices.Stop()
	/home/eweiss/Documents/Github/OpenLinkHub/src/devices/devices.go:186 +0x90 fp=0x2eddd0215f68 sp=0x2eddd0215d60 pc=0x12d8850
OpenLinkHub/src/controller.Stop()
	/home/eweiss/Documents/Github/OpenLinkHub/src/controller/controller.go:60 +0xf fp=0x2eddd0215f78 sp=0x2eddd0215f68 pc=0x13e64af
main.waitForExit()
	/home/eweiss/Documents/Github/OpenLinkHub/main.go:17 +0x8a fp=0x2eddd0215fe0 sp=0x2eddd0215f78 pc=0x13e6c8a
runtime.goexit({})
	/usr/lib/golang/src/runtime/asm_amd64.s:1771 +0x1 fp=0x2eddd0215fe8 sp=0x2eddd0215fe0 pc=0x490821
created by main.main in goroutine 1
	/home/eweiss/Documents/Github/OpenLinkHub/main.go:25 +0x1a

goroutine 9 gp=0x2eddcfa4a780 m=nil [select, 7 minutes, locked to thread]:
runtime.gopark(0x2eddcfa0bfa8?, 0x2?, 0x1?, 0xa7?, 0x2eddcfa0bf94?)
	/usr/lib/golang/src/runtime/proc.go:462 +0xce fp=0x2eddcfa0be28 sp=0x2eddcfa0be08 pc=0x48908e
runtime.selectgo(0x2eddcfa0bfa8, 0x2eddcfa0bf90, 0x0?, 0x0, 0x0?, 0x1)
	/usr/lib/golang/src/runtime/select.go:351 +0xaa5 fp=0x2eddcfa0bf58 sp=0x2eddcfa0be28 pc=0x467465
runtime.ensureSigM.func1()
	/usr/lib/golang/src/runtime/signal_unix.go:1091 +0x188 fp=0x2eddcfa0bfe0 sp=0x2eddcfa0bf58 pc=0x483948
runtime.goexit({})
	/usr/lib/golang/src/runtime/asm_amd64.s:1771 +0x1 fp=0x2eddcfa0bfe8 sp=0x2eddcfa0bfe0 pc=0x490821
created by runtime.ensureSigM in goroutine 8
	/usr/lib/golang/src/runtime/signal_unix.go:1074 +0xc5

goroutine 10 gp=0x2eddcfa4a960 m=4 mp=0x2eddcfa0d808 [syscall]:
runtime.notetsleepg(0x1f83380, 0xffffffffffffffff)
	/usr/lib/golang/src/runtime/lock_futex.go:123 +0x29 fp=0x2eddcfa047a0 sp=0x2eddcfa04778 pc=0x423a69
os/signal.signal_recv()
	/usr/lib/golang/src/runtime/sigqueue.go:152 +0x98 fp=0x2eddcfa047c0 sp=0x2eddcfa047a0 pc=0x48b518
os/signal.loop()
	/usr/lib/golang/src/os/signal/signal_unix.go:23 +0x13 fp=0x2eddcfa047e0 sp=0x2eddcfa047c0 pc=0x13e6b53
runtime.goexit({})
	/usr/lib/golang/src/runtime/asm_amd64.s:1771 +0x1 fp=0x2eddcfa047e8 sp=0x2eddcfa047e0 pc=0x490821
created by os/signal.Notify.func1.1 in goroutine 8
	/usr/lib/golang/src/os/signal/signal.go:152 +0x1f

goroutine 18 gp=0x2eddcfb921e0 m=nil [chan receive, 7 minutes]:
runtime.gopark(0x0?, 0x14fab20?, 0x0?, 0x0?, 0x2eddcfbe87a8?)
	/usr/lib/golang/src/runtime/proc.go:462 +0xce fp=0x2eddcfbe8718 sp=0x2eddcfbe86f8 pc=0x48908e
runtime.chanrecv(0x2eddcfbf0000, 0x0, 0x1)
	/usr/lib/golang/src/runtime/chan.go:667 +0x4ae fp=0x2eddcfbe8790 sp=0x2eddcfbe8718 pc=0x41d46e
runtime.chanrecv1(0x2eddcfbde000?, 0x0?)
	/usr/lib/golang/src/runtime/chan.go:509 +0x12 fp=0x2eddcfbe87b8 sp=0x2eddcfbe8790 pc=0x41cf92
github.com/godbus/dbus/v5.newConn.func1()
	/home/eweiss/go/pkg/mod/github.com/godbus/dbus/v5@v5.1.0/conn.go:303 +0x2c fp=0x2eddcfbe87e0 sp=0x2eddcfbe87b8 pc=0x12e170c
runtime.goexit({})
	/usr/lib/golang/src/runtime/asm_amd64.s:1771 +0x1 fp=0x2eddcfbe87e8 sp=0x2eddcfbe87e0 pc=0x490821
created by github.com/godbus/dbus/v5.newConn in goroutine 1
	/home/eweiss/go/pkg/mod/github.com/godbus/dbus/v5@v5.1.0/conn.go:302 +0x4da

goroutine 19 gp=0x2eddcfb923c0 m=nil [IO wait, 7 minutes]:
runtime.gopark(0x0?, 0x0?, 0x0?, 0x0?, 0x0?)
	/usr/lib/golang/src/runtime/proc.go:462 +0xce fp=0x2eddcfb29a60 sp=0x2eddcfb29a40 pc=0x48908e
runtime.netpollblock(0x0?, 0x41a186?, 0x0?)
	/usr/lib/golang/src/runtime/netpoll.go:575 +0xf7 fp=0x2eddcfb29a98 sp=0x2eddcfb29a60 pc=0x44cb97
internal/poll.runtime_pollWait(0x7ff1ca61ee00, 0x72)
	/usr/lib/golang/src/runtime/netpoll.go:351 +0x85 fp=0x2eddcfb29ab8 sp=0x2eddcfb29a98 pc=0x488265
internal/poll.(*pollDesc).wait(0x2eddcfbd8000?, 0x2eddcf981520?, 0x0)
	/usr/lib/golang/src/internal/poll/fd_poll_runtime.go:84 +0x27 fp=0x2eddcfb29ae0 sp=0x2eddcfb29ab8 pc=0x4e3287
internal/poll.(*pollDesc).waitRead(...)
	/usr/lib/golang/src/internal/poll/fd_poll_runtime.go:89
internal/poll.(*FD).ReadMsg(0x2eddcfbd8000, {0x2eddcf981520, 0x10, 0x10}, {0x2eddcfa77328, 0x1000, 0x1000}, 0x40000000)
	/usr/lib/golang/src/internal/poll/fd_unix.go:295 +0x37d fp=0x2eddcfb29bc8 sp=0x2eddcfb29ae0 pc=0x4e557d
net.(*netFD).readMsg(0x2eddcfbd8000, {0x2eddcf981520?, 0x8?, 0x16ac8b8?}, {0x2eddcfa77328?, 0x15861c0?, 0x2eddcf990b60?}, 0x16ac918?)
	/usr/lib/golang/src/net/fd_posix.go:91 +0x31 fp=0x2eddcfb29c50 sp=0x2eddcfb29bc8 pc=0x6691d1
net.(*UnixConn).readMsg(0x2eddcfbc8010, {0x2eddcf981520?, 0xd0?, 0x2eddcfa80008?}, {0x2eddcfa77328?, 0x2eddcfb29d38?, 0x486ba5?})
	/usr/lib/golang/src/net/unixsock_posix.go:115 +0x3d fp=0x2eddcfb29ce0 sp=0x2eddcfb29c50 pc=0x683bfd
net.(*UnixConn).ReadMsgUnix(0x2eddcfbc8010, {0x2eddcf981520?, 0x7ff1ca77fb00?, 0x7ff1ca776108?}, {0x2eddcfa77328?, 0x300ddcfa80008?, 0x7ff1ca77f4c0?})
	/usr/lib/golang/src/net/unixsock.go:143 +0x36 fp=0x2eddcfb29d58 sp=0x2eddcfb29ce0 pc=0x682136
github.com/godbus/dbus/v5.(*oobReader).Read(0x2eddcfa77308, {0x2eddcf981520?, 0x2eddcfb29e08?, 0x4266e5?})
	/home/eweiss/go/pkg/mod/github.com/godbus/dbus/v5@v5.1.0/transport_unix.go:21 +0x3c fp=0x2eddcfb29dd0 sp=0x2eddcfb29d58 pc=0x12f895c
io.ReadAtLeast({0x168cfa0, 0x2eddcfa77308}, {0x2eddcf981520, 0x10, 0x10}, 0x10)
	/usr/lib/golang/src/io/io.go:335 +0x8e fp=0x2eddcfb29e18 sp=0x2eddcfb29dd0 pc=0x4a936e
io.ReadFull(...)
	/usr/lib/golang/src/io/io.go:354
github.com/godbus/dbus/v5.(*unixTransport).ReadMessage(0x2eddcfbb8018)
	/home/eweiss/go/pkg/mod/github.com/godbus/dbus/v5@v5.1.0/transport_unix.go:91 +0xfa fp=0x2eddcfb29f58 sp=0x2eddcfb29e18 pc=0x12f8f3a
github.com/godbus/dbus/v5.(*Conn).inWorker(0x2eddcfbdc000)
	/home/eweiss/go/pkg/mod/github.com/godbus/dbus/v5@v5.1.0/conn.go:390 +0x37 fp=0x2eddcfb29fc8 sp=0x2eddcfb29f58 pc=0x12e1c37
github.com/godbus/dbus/v5.(*Conn).Auth.gowrap1()
	/home/eweiss/go/pkg/mod/github.com/godbus/dbus/v5@v5.1.0/auth.go:118 +0x17 fp=0x2eddcfb29fe0 sp=0x2eddcfb29fc8 pc=0x12def37
runtime.goexit({})
	/usr/lib/golang/src/runtime/asm_amd64.s:1771 +0x1 fp=0x2eddcfb29fe8 sp=0x2eddcfb29fe0 pc=0x490821
created by github.com/godbus/dbus/v5.(*Conn).Auth in goroutine 1
	/home/eweiss/go/pkg/mod/github.com/godbus/dbus/v5@v5.1.0/auth.go:118 +0x845

goroutine 66 gp=0x2eddcfb925a0 m=nil [select]:
runtime.gopark(0x2eddcfa16fb0?, 0x2?, 0x0?, 0x23?, 0x2eddcfa16fa4?)
	/usr/lib/golang/src/runtime/proc.go:462 +0xce fp=0x2eddcfa16e40 sp=0x2eddcfa16e20 pc=0x48908e
runtime.selectgo(0x2eddcfa16fb0, 0x2eddcfa16fa0, 0x2eddcfcf0000?, 0x0, 0x0?, 0x1)
	/usr/lib/golang/src/runtime/select.go:351 +0xaa5 fp=0x2eddcfa16f70 sp=0x2eddcfa16e40 pc=0x467465
OpenLinkHub/src/cluster.(*Device).setAutoRefresh.func1()
	/home/eweiss/Documents/Github/OpenLinkHub/src/cluster/cluster.go:763 +0x71 fp=0x2eddcfa16fe0 sp=0x2eddcfa16f70 pc=0x63f551
runtime.goexit({})
	/usr/lib/golang/src/runtime/asm_amd64.s:1771 +0x1 fp=0x2eddcfa16fe8 sp=0x2eddcfa16fe0 pc=0x490821
created by OpenLinkHub/src/cluster.(*Device).setAutoRefresh in goroutine 1
	/home/eweiss/Documents/Github/OpenLinkHub/src/cluster/cluster.go:761 +0x96

goroutine 36 gp=0x2eddcfa4b0e0 m=nil [sync.WaitGroup.Wait]:
runtime.gopark(0x2eddd060eb48?, 0x425c94?, 0xd0?, 0x24?, 0xa?)
	/usr/lib/golang/src/runtime/proc.go:462 +0xce fp=0x2eddd060eae8 sp=0x2eddd060eac8 pc=0x48908e
runtime.goparkunlock(...)
	/usr/lib/golang/src/runtime/proc.go:468
runtime.semacquire1(0x2eddd0a1e558, 0x0, 0x1, 0x0, 0x19)
	/usr/lib/golang/src/runtime/sema.go:192 +0x232 fp=0x2eddd060eb50 sp=0x2eddd060eae8 pc=0x4682f2
sync.runtime_SemacquireWaitGroup(0x2eddd04d1e00?, 0xe0?)
	/usr/lib/golang/src/runtime/sema.go:114 +0x2e fp=0x2eddd060eb88 sp=0x2eddd060eb50 pc=0x48a8ee
sync.(*WaitGroup).Wait(0x2eddd0a1e550)
	/usr/lib/golang/src/sync/waitgroup.go:206 +0x85 fp=0x2eddd060ebb0 sp=0x2eddd060eb88 pc=0x496e25
OpenLinkHub/src/cluster.(*Device).distributeColors(0x2eddcfbd2320, {0x2eddd1789800, 0x7c5, 0x7c5})
	/home/eweiss/Documents/Github/OpenLinkHub/src/cluster/cluster.go:469 +0x2d6 fp=0x2eddd060ec58 sp=0x2eddd060ebb0 pc=0x63d336
OpenLinkHub/src/cluster.(*Device).setDeviceColor.func1()
	/home/eweiss/Documents/Github/OpenLinkHub/src/cluster/cluster.go:504 +0x2bd fp=0x2eddd060ffe0 sp=0x2eddd060ec58 pc=0x63d95d
runtime.goexit({})
	/usr/lib/golang/src/runtime/asm_amd64.s:1771 +0x1 fp=0x2eddd060ffe8 sp=0x2eddd060ffe0 pc=0x490821
created by OpenLinkHub/src/cluster.(*Device).setDeviceColor in goroutine 1
	/home/eweiss/Documents/Github/OpenLinkHub/src/cluster/cluster.go:483 +0x19c

goroutine 21 gp=0x2eddcfb92b40 m=nil [GC worker (idle), 7 minutes]:
runtime.gopark(0x2eddcfcb0010?, 0x1?, 0xb8?, 0x57?, 0x5d7d8c?)
	/usr/lib/golang/src/runtime/proc.go:462 +0xce fp=0x2eddcfa05740 sp=0x2eddcfa05720 pc=0x48908e
runtime.gcBgMarkWorker(0x2eddcfbf0070)
	/usr/lib/golang/src/runtime/mgc.go:1791 +0xeb fp=0x2eddcfa057c8 sp=0x2eddcfa05740 pc=0x431e6b
runtime.gcBgMarkStartWorkers.gowrap1()
	/usr/lib/golang/src/runtime/mgc.go:1695 +0x17 fp=0x2eddcfa057e0 sp=0x2eddcfa057c8 pc=0x431d57
runtime.goexit({})
	/usr/lib/golang/src/runtime/asm_amd64.s:1771 +0x1 fp=0x2eddcfa057e8 sp=0x2eddcfa057e0 pc=0x490821
created by runtime.gcBgMarkStartWorkers in goroutine 1
	/usr/lib/golang/src/runtime/mgc.go:1695 +0x105

goroutine 22 gp=0x2eddcfb92d20 m=nil [GC worker (idle)]:
runtime.gopark(0x48b5de0fa34?, 0x3?, 0xc5?, 0x11?, 0x0?)
	/usr/lib/golang/src/runtime/proc.go:462 +0xce fp=0x2eddcfbe9f40 sp=0x2eddcfbe9f20 pc=0x48908e
runtime.gcBgMarkWorker(0x2eddcfbf0070)
	/usr/lib/golang/src/runtime/mgc.go:1791 +0xeb fp=0x2eddcfbe9fc8 sp=0x2eddcfbe9f40 pc=0x431e6b
runtime.gcBgMarkStartWorkers.gowrap1()
	/usr/lib/golang/src/runtime/mgc.go:1695 +0x17 fp=0x2eddcfbe9fe0 sp=0x2eddcfbe9fc8 pc=0x431d57
runtime.goexit({})
	/usr/lib/golang/src/runtime/asm_amd64.s:1771 +0x1 fp=0x2eddcfbe9fe8 sp=0x2eddcfbe9fe0 pc=0x490821
created by runtime.gcBgMarkStartWorkers in goroutine 1
	/usr/lib/golang/src/runtime/mgc.go:1695 +0x105

goroutine 23 gp=0x2eddcfb92f00 m=nil [GC worker (idle)]:
runtime.gopark(0x48b5decebf0?, 0x1?, 0x2b?, 0x6a?, 0x0?)
	/usr/lib/golang/src/runtime/proc.go:462 +0xce fp=0x2eddcfbea740 sp=0x2eddcfbea720 pc=0x48908e
runtime.gcBgMarkWorker(0x2eddcfbf0070)
	/usr/lib/golang/src/runtime/mgc.go:1791 +0xeb fp=0x2eddcfbea7c8 sp=0x2eddcfbea740 pc=0x431e6b
runtime.gcBgMarkStartWorkers.gowrap1()
	/usr/lib/golang/src/runtime/mgc.go:1695 +0x17 fp=0x2eddcfbea7e0 sp=0x2eddcfbea7c8 pc=0x431d57
runtime.goexit({})
	/usr/lib/golang/src/runtime/asm_amd64.s:1771 +0x1 fp=0x2eddcfbea7e8 sp=0x2eddcfbea7e0 pc=0x490821
created by runtime.gcBgMarkStartWorkers in goroutine 1
	/usr/lib/golang/src/runtime/mgc.go:1695 +0x105

goroutine 24 gp=0x2eddcfb930e0 m=nil [GC worker (idle)]:
runtime.gopark(0x48b5e005171?, 0x1?, 0x91?, 0xae?, 0x0?)
	/usr/lib/golang/src/runtime/proc.go:462 +0xce fp=0x2eddcfbeaf40 sp=0x2eddcfbeaf20 pc=0x48908e
runtime.gcBgMarkWorker(0x2eddcfbf0070)
	/usr/lib/golang/src/runtime/mgc.go:1791 +0xeb fp=0x2eddcfbeafc8 sp=0x2eddcfbeaf40 pc=0x431e6b
runtime.gcBgMarkStartWorkers.gowrap1()
	/usr/lib/golang/src/runtime/mgc.go:1695 +0x17 fp=0x2eddcfbeafe0 sp=0x2eddcfbeafc8 pc=0x431d57
runtime.goexit({})
	/usr/lib/golang/src/runtime/asm_amd64.s:1771 +0x1 fp=0x2eddcfbeafe8 sp=0x2eddcfbeafe0 pc=0x490821
created by runtime.gcBgMarkStartWorkers in goroutine 1
	/usr/lib/golang/src/runtime/mgc.go:1695 +0x105

goroutine 25 gp=0x2eddcfb932c0 m=nil [GC worker (idle)]:
runtime.gopark(0x488fa5eaf42?, 0x3?, 0xb5?, 0xf?, 0x0?)
	/usr/lib/golang/src/runtime/proc.go:462 +0xce fp=0x2eddcfbeb740 sp=0x2eddcfbeb720 pc=0x48908e
runtime.gcBgMarkWorker(0x2eddcfbf0070)
	/usr/lib/golang/src/runtime/mgc.go:1791 +0xeb fp=0x2eddcfbeb7c8 sp=0x2eddcfbeb740 pc=0x431e6b
runtime.gcBgMarkStartWorkers.gowrap1()
	/usr/lib/golang/src/runtime/mgc.go:1695 +0x17 fp=0x2eddcfbeb7e0 sp=0x2eddcfbeb7c8 pc=0x431d57
runtime.goexit({})
	/usr/lib/golang/src/runtime/asm_amd64.s:1771 +0x1 fp=0x2eddcfbeb7e8 sp=0x2eddcfbeb7e0 pc=0x490821
created by runtime.gcBgMarkStartWorkers in goroutine 1
	/usr/lib/golang/src/runtime/mgc.go:1695 +0x105

goroutine 26 gp=0x2eddcfb934a0 m=nil [GC worker (idle)]:
runtime.gopark(0x48b5de0fad2?, 0x3?, 0xf8?, 0x4f?, 0x0?)
	/usr/lib/golang/src/runtime/proc.go:462 +0xce fp=0x2eddcfbebf40 sp=0x2eddcfbebf20 pc=0x48908e
runtime.gcBgMarkWorker(0x2eddcfbf0070)
	/usr/lib/golang/src/runtime/mgc.go:1791 +0xeb fp=0x2eddcfbebfc8 sp=0x2eddcfbebf40 pc=0x431e6b
runtime.gcBgMarkStartWorkers.gowrap1()
	/usr/lib/golang/src/runtime/mgc.go:1695 +0x17 fp=0x2eddcfbebfe0 sp=0x2eddcfbebfc8 pc=0x431d57
runtime.goexit({})
	/usr/lib/golang/src/runtime/asm_amd64.s:1771 +0x1 fp=0x2eddcfbebfe8 sp=0x2eddcfbebfe0 pc=0x490821
created by runtime.gcBgMarkStartWorkers in goroutine 1
	/usr/lib/golang/src/runtime/mgc.go:1695 +0x105

goroutine 27 gp=0x2eddcfb93680 m=nil [GC worker (idle)]:
runtime.gopark(0x48b5dff87aa?, 0x1?, 0xeb?, 0xa9?, 0x0?)
	/usr/lib/golang/src/runtime/proc.go:462 +0xce fp=0x2eddcfbe4740 sp=0x2eddcfbe4720 pc=0x48908e
runtime.gcBgMarkWorker(0x2eddcfbf0070)
	/usr/lib/golang/src/runtime/mgc.go:1791 +0xeb fp=0x2eddcfbe47c8 sp=0x2eddcfbe4740 pc=0x431e6b
runtime.gcBgMarkStartWorkers.gowrap1()
	/usr/lib/golang/src/runtime/mgc.go:1695 +0x17 fp=0x2eddcfbe47e0 sp=0x2eddcfbe47c8 pc=0x431d57
runtime.goexit({})
	/usr/lib/golang/src/runtime/asm_amd64.s:1771 +0x1 fp=0x2eddcfbe47e8 sp=0x2eddcfbe47e0 pc=0x490821
created by runtime.gcBgMarkStartWorkers in goroutine 1
	/usr/lib/golang/src/runtime/mgc.go:1695 +0x105

goroutine 28 gp=0x2eddcfb93860 m=nil [GC worker (idle)]:
runtime.gopark(0x48b5dffeaee?, 0x1?, 0x69?, 0x5?, 0x0?)
	/usr/lib/golang/src/runtime/proc.go:462 +0xce fp=0x2eddcfbe4f40 sp=0x2eddcfbe4f20 pc=0x48908e
runtime.gcBgMarkWorker(0x2eddcfbf0070)
	/usr/lib/golang/src/runtime/mgc.go:1791 +0xeb fp=0x2eddcfbe4fc8 sp=0x2eddcfbe4f40 pc=0x431e6b
runtime.gcBgMarkStartWorkers.gowrap1()
	/usr/lib/golang/src/runtime/mgc.go:1695 +0x17 fp=0x2eddcfbe4fe0 sp=0x2eddcfbe4fc8 pc=0x431d57
runtime.goexit({})
	/usr/lib/golang/src/runtime/asm_amd64.s:1771 +0x1 fp=0x2eddcfbe4fe8 sp=0x2eddcfbe4fe0 pc=0x490821
created by runtime.gcBgMarkStartWorkers in goroutine 1
	/usr/lib/golang/src/runtime/mgc.go:1695 +0x105

goroutine 29 gp=0x2eddcfb93a40 m=nil [GC worker (idle)]:
runtime.gopark(0x48b5de0c6e6?, 0x1?, 0xda?, 0x44?, 0x0?)
	/usr/lib/golang/src/runtime/proc.go:462 +0xce fp=0x2eddcfbe5740 sp=0x2eddcfbe5720 pc=0x48908e
runtime.gcBgMarkWorker(0x2eddcfbf0070)
	/usr/lib/golang/src/runtime/mgc.go:1791 +0xeb fp=0x2eddcfbe57c8 sp=0x2eddcfbe5740 pc=0x431e6b
runtime.gcBgMarkStartWorkers.gowrap1()
	/usr/lib/golang/src/runtime/mgc.go:1695 +0x17 fp=0x2eddcfbe57e0 sp=0x2eddcfbe57c8 pc=0x431d57
runtime.goexit({})
	/usr/lib/golang/src/runtime/asm_amd64.s:1771 +0x1 fp=0x2eddcfbe57e8 sp=0x2eddcfbe57e0 pc=0x490821
created by runtime.gcBgMarkStartWorkers in goroutine 1
	/usr/lib/golang/src/runtime/mgc.go:1695 +0x105

goroutine 30 gp=0x2eddcfb93c20 m=nil [GC worker (idle)]:
runtime.gopark(0x48b5dff8168?, 0x1?, 0x7a?, 0x74?, 0x0?)
	/usr/lib/golang/src/runtime/proc.go:462 +0xce fp=0x2eddcfbe5f40 sp=0x2eddcfbe5f20 pc=0x48908e
runtime.gcBgMarkWorker(0x2eddcfbf0070)
	/usr/lib/golang/src/runtime/mgc.go:1791 +0xeb fp=0x2eddcfbe5fc8 sp=0x2eddcfbe5f40 pc=0x431e6b
runtime.gcBgMarkStartWorkers.gowrap1()
	/usr/lib/golang/src/runtime/mgc.go:1695 +0x17 fp=0x2eddcfbe5fe0 sp=0x2eddcfbe5fc8 pc=0x431d57
runtime.goexit({})
	/usr/lib/golang/src/runtime/asm_amd64.s:1771 +0x1 fp=0x2eddcfbe5fe8 sp=0x2eddcfbe5fe0 pc=0x490821
created by runtime.gcBgMarkStartWorkers in goroutine 1
	/usr/lib/golang/src/runtime/mgc.go:1695 +0x105

goroutine 31 gp=0x2eddcfdd8000 m=nil [GC worker (idle)]:
runtime.gopark(0x48b5de854cb?, 0x1?, 0xde?, 0xcd?, 0x0?)
	/usr/lib/golang/src/runtime/proc.go:462 +0xce fp=0x2eddcfbe6740 sp=0x2eddcfbe6720 pc=0x48908e
runtime.gcBgMarkWorker(0x2eddcfbf0070)
	/usr/lib/golang/src/runtime/mgc.go:1791 +0xeb fp=0x2eddcfbe67c8 sp=0x2eddcfbe6740 pc=0x431e6b
runtime.gcBgMarkStartWorkers.gowrap1()
	/usr/lib/golang/src/runtime/mgc.go:1695 +0x17 fp=0x2eddcfbe67e0 sp=0x2eddcfbe67c8 pc=0x431d57
runtime.goexit({})
	/usr/lib/golang/src/runtime/asm_amd64.s:1771 +0x1 fp=0x2eddcfbe67e8 sp=0x2eddcfbe67e0 pc=0x490821
created by runtime.gcBgMarkStartWorkers in goroutine 1
	/usr/lib/golang/src/runtime/mgc.go:1695 +0x105

goroutine 32 gp=0x2eddcfdd81e0 m=nil [GC worker (idle)]:
runtime.gopark(0x488fa5eafa4?, 0x1?, 0xb9?, 0x3f?, 0x0?)
	/usr/lib/golang/src/runtime/proc.go:462 +0xce fp=0x2eddcfbe6f40 sp=0x2eddcfbe6f20 pc=0x48908e
runtime.gcBgMarkWorker(0x2eddcfbf0070)
	/usr/lib/golang/src/runtime/mgc.go:1791 +0xeb fp=0x2eddcfbe6fc8 sp=0x2eddcfbe6f40 pc=0x431e6b
runtime.gcBgMarkStartWorkers.gowrap1()
	/usr/lib/golang/src/runtime/mgc.go:1695 +0x17 fp=0x2eddcfbe6fe0 sp=0x2eddcfbe6fc8 pc=0x431d57
runtime.goexit({})
	/usr/lib/golang/src/runtime/asm_amd64.s:1771 +0x1 fp=0x2eddcfbe6fe8 sp=0x2eddcfbe6fe0 pc=0x490821
created by runtime.gcBgMarkStartWorkers in goroutine 1
	/usr/lib/golang/src/runtime/mgc.go:1695 +0x105

goroutine 33 gp=0x2eddcfdd83c0 m=nil [GC worker (idle)]:
runtime.gopark(0x488fa5ebbb3?, 0x3?, 0xde?, 0xaf?, 0x0?)
	/usr/lib/golang/src/runtime/proc.go:462 +0xce fp=0x2eddcfbe7740 sp=0x2eddcfbe7720 pc=0x48908e
runtime.gcBgMarkWorker(0x2eddcfbf0070)
	/usr/lib/golang/src/runtime/mgc.go:1791 +0xeb fp=0x2eddcfbe77c8 sp=0x2eddcfbe7740 pc=0x431e6b
runtime.gcBgMarkStartWorkers.gowrap1()
	/usr/lib/golang/src/runtime/mgc.go:1695 +0x17 fp=0x2eddcfbe77e0 sp=0x2eddcfbe77c8 pc=0x431d57
runtime.goexit({})
	/usr/lib/golang/src/runtime/asm_amd64.s:1771 +0x1 fp=0x2eddcfbe77e8 sp=0x2eddcfbe77e0 pc=0x490821
created by runtime.gcBgMarkStartWorkers in goroutine 1
	/usr/lib/golang/src/runtime/mgc.go:1695 +0x105

goroutine 50 gp=0x2eddcfdd85a0 m=nil [GC worker (idle)]:
runtime.gopark(0x1f83ee0?, 0x1?, 0x17?, 0xb9?, 0x0?)
	/usr/lib/golang/src/runtime/proc.go:462 +0xce fp=0x2eddcfbe7f40 sp=0x2eddcfbe7f20 pc=0x48908e
runtime.gcBgMarkWorker(0x2eddcfbf0070)
	/usr/lib/golang/src/runtime/mgc.go:1791 +0xeb fp=0x2eddcfbe7fc8 sp=0x2eddcfbe7f40 pc=0x431e6b
runtime.gcBgMarkStartWorkers.gowrap1()
	/usr/lib/golang/src/runtime/mgc.go:1695 +0x17 fp=0x2eddcfbe7fe0 sp=0x2eddcfbe7fc8 pc=0x431d57
runtime.goexit({})
	/usr/lib/golang/src/runtime/asm_amd64.s:1771 +0x1 fp=0x2eddcfbe7fe8 sp=0x2eddcfbe7fe0 pc=0x490821
created by runtime.gcBgMarkStartWorkers in goroutine 1
	/usr/lib/golang/src/runtime/mgc.go:1695 +0x105

goroutine 51 gp=0x2eddcfdd8780 m=nil [GC worker (idle)]:
runtime.gopark(0x48b5de0d118?, 0x1?, 0xba?, 0x2c?, 0x0?)
	/usr/lib/golang/src/runtime/proc.go:462 +0xce fp=0x2eddcfde0740 sp=0x2eddcfde0720 pc=0x48908e
runtime.gcBgMarkWorker(0x2eddcfbf0070)
	/usr/lib/golang/src/runtime/mgc.go:1791 +0xeb fp=0x2eddcfde07c8 sp=0x2eddcfde0740 pc=0x431e6b
runtime.gcBgMarkStartWorkers.gowrap1()
	/usr/lib/golang/src/runtime/mgc.go:1695 +0x17 fp=0x2eddcfde07e0 sp=0x2eddcfde07c8 pc=0x431d57
runtime.goexit({})
	/usr/lib/golang/src/runtime/asm_amd64.s:1771 +0x1 fp=0x2eddcfde07e8 sp=0x2eddcfde07e0 pc=0x490821
created by runtime.gcBgMarkStartWorkers in goroutine 1
	/usr/lib/golang/src/runtime/mgc.go:1695 +0x105

goroutine 52 gp=0x2eddcfdd8960 m=nil [GC worker (idle)]:
runtime.gopark(0x48b5de0d09c?, 0x3?, 0xda?, 0x45?, 0x0?)
	/usr/lib/golang/src/runtime/proc.go:462 +0xce fp=0x2eddcfde0f40 sp=0x2eddcfde0f20 pc=0x48908e
runtime.gcBgMarkWorker(0x2eddcfbf0070)
	/usr/lib/golang/src/runtime/mgc.go:1791 +0xeb fp=0x2eddcfde0fc8 sp=0x2eddcfde0f40 pc=0x431e6b
runtime.gcBgMarkStartWorkers.gowrap1()
	/usr/lib/golang/src/runtime/mgc.go:1695 +0x17 fp=0x2eddcfde0fe0 sp=0x2eddcfde0fc8 pc=0x431d57
runtime.goexit({})
	/usr/lib/golang/src/runtime/asm_amd64.s:1771 +0x1 fp=0x2eddcfde0fe8 sp=0x2eddcfde0fe0 pc=0x490821
created by runtime.gcBgMarkStartWorkers in goroutine 1
	/usr/lib/golang/src/runtime/mgc.go:1695 +0x105

goroutine 53 gp=0x2eddcfdd8b40 m=nil [GC worker (idle)]:
runtime.gopark(0x48a90d0bb92?, 0x1?, 0x47?, 0xe1?, 0x0?)
	/usr/lib/golang/src/runtime/proc.go:462 +0xce fp=0x2eddcfde1740 sp=0x2eddcfde1720 pc=0x48908e
runtime.gcBgMarkWorker(0x2eddcfbf0070)
	/usr/lib/golang/src/runtime/mgc.go:1791 +0xeb fp=0x2eddcfde17c8 sp=0x2eddcfde1740 pc=0x431e6b
runtime.gcBgMarkStartWorkers.gowrap1()
	/usr/lib/golang/src/runtime/mgc.go:1695 +0x17 fp=0x2eddcfde17e0 sp=0x2eddcfde17c8 pc=0x431d57
runtime.goexit({})
	/usr/lib/golang/src/runtime/asm_amd64.s:1771 +0x1 fp=0x2eddcfde17e8 sp=0x2eddcfde17e0 pc=0x490821
created by runtime.gcBgMarkStartWorkers in goroutine 1
	/usr/lib/golang/src/runtime/mgc.go:1695 +0x105

goroutine 54 gp=0x2eddcfdd8d20 m=nil [GC worker (idle)]:
runtime.gopark(0x48b5dff8f76?, 0x1?, 0x4b?, 0x85?, 0x0?)
	/usr/lib/golang/src/runtime/proc.go:462 +0xce fp=0x2eddcfde1f40 sp=0x2eddcfde1f20 pc=0x48908e
runtime.gcBgMarkWorker(0x2eddcfbf0070)
	/usr/lib/golang/src/runtime/mgc.go:1791 +0xeb fp=0x2eddcfde1fc8 sp=0x2eddcfde1f40 pc=0x431e6b
runtime.gcBgMarkStartWorkers.gowrap1()
	/usr/lib/golang/src/runtime/mgc.go:1695 +0x17 fp=0x2eddcfde1fe0 sp=0x2eddcfde1fc8 pc=0x431d57
runtime.goexit({})
	/usr/lib/golang/src/runtime/asm_amd64.s:1771 +0x1 fp=0x2eddcfde1fe8 sp=0x2eddcfde1fe0 pc=0x490821
created by runtime.gcBgMarkStartWorkers in goroutine 1
	/usr/lib/golang/src/runtime/mgc.go:1695 +0x105

goroutine 55 gp=0x2eddcfdd8f00 m=nil [GC worker (idle)]:
runtime.gopark(0x48b5de0f941?, 0x3?, 0x62?, 0xd3?, 0x0?)
	/usr/lib/golang/src/runtime/proc.go:462 +0xce fp=0x2eddcfde2740 sp=0x2eddcfde2720 pc=0x48908e
runtime.gcBgMarkWorker(0x2eddcfbf0070)
	/usr/lib/golang/src/runtime/mgc.go:1791 +0xeb fp=0x2eddcfde27c8 sp=0x2eddcfde2740 pc=0x431e6b
runtime.gcBgMarkStartWorkers.gowrap1()
	/usr/lib/golang/src/runtime/mgc.go:1695 +0x17 fp=0x2eddcfde27e0 sp=0x2eddcfde27c8 pc=0x431d57
runtime.goexit({})
	/usr/lib/golang/src/runtime/asm_amd64.s:1771 +0x1 fp=0x2eddcfde27e8 sp=0x2eddcfde27e0 pc=0x490821
created by runtime.gcBgMarkStartWorkers in goroutine 1
	/usr/lib/golang/src/runtime/mgc.go:1695 +0x105

goroutine 56 gp=0x2eddcfdd90e0 m=nil [GC worker (idle)]:
runtime.gopark(0x48b5de7c933?, 0x1?, 0xa1?, 0xe?, 0x0?)
	/usr/lib/golang/src/runtime/proc.go:462 +0xce fp=0x2eddcfde2f40 sp=0x2eddcfde2f20 pc=0x48908e
runtime.gcBgMarkWorker(0x2eddcfbf0070)
	/usr/lib/golang/src/runtime/mgc.go:1791 +0xeb fp=0x2eddcfde2fc8 sp=0x2eddcfde2f40 pc=0x431e6b
runtime.gcBgMarkStartWorkers.gowrap1()
	/usr/lib/golang/src/runtime/mgc.go:1695 +0x17 fp=0x2eddcfde2fe0 sp=0x2eddcfde2fc8 pc=0x431d57
runtime.goexit({})
	/usr/lib/golang/src/runtime/asm_amd64.s:1771 +0x1 fp=0x2eddcfde2fe8 sp=0x2eddcfde2fe0 pc=0x490821
created by runtime.gcBgMarkStartWorkers in goroutine 1
	/usr/lib/golang/src/runtime/mgc.go:1695 +0x105

goroutine 67 gp=0x2eddd03010e0 m=nil [sleep]:
runtime.gopark(0x488b250be38?, 0x0?, 0x0?, 0x0?, 0x2eddd0b001f8?)
	/usr/lib/golang/src/runtime/proc.go:462 +0xce fp=0x2eddd1659770 sp=0x2eddd1659750 pc=0x48908e
time.Sleep(0x37e11d600)
	/usr/lib/golang/src/runtime/time.go:363 +0x165 fp=0x2eddd16597c8 sp=0x2eddd1659770 pc=0x48d065
OpenLinkHub/src/openrgb.startMonitorLoop.func1()
	/home/eweiss/Documents/Github/OpenLinkHub/src/openrgb/client.go:47 +0x1d fp=0x2eddd16597e0 sp=0x2eddd16597c8 pc=0x816abd
runtime.goexit({})
	/usr/lib/golang/src/runtime/asm_amd64.s:1771 +0x1 fp=0x2eddd16597e8 sp=0x2eddd16597e0 pc=0x490821
created by OpenLinkHub/src/openrgb.startMonitorLoop in goroutine 1
	/home/eweiss/Documents/Github/OpenLinkHub/src/openrgb/client.go:45 +0x1a

goroutine 69 gp=0x2eddd03014a0 m=nil [select]:
runtime.gopark(0x2eddd1349fb0?, 0x2?, 0x0?, 0x0?, 0x2eddd1349fa4?)
	/usr/lib/golang/src/runtime/proc.go:462 +0xce fp=0x2eddd1349e40 sp=0x2eddd1349e20 pc=0x48908e
runtime.selectgo(0x2eddd1349fb0, 0x2eddd1349fa0, 0x0?, 0x0, 0x0?, 0x1)
	/usr/lib/golang/src/runtime/select.go:351 +0xaa5 fp=0x2eddd1349f70 sp=0x2eddd1349e40 pc=0x467465
OpenLinkHub/src/devices/memory.(*Device).setAutoRefresh.func1()
	/home/eweiss/Documents/Github/OpenLinkHub/src/devices/memory/memory.go:2170 +0x71 fp=0x2eddd1349fe0 sp=0x2eddd1349f70 pc=0xe3b711
runtime.goexit({})
	/usr/lib/golang/src/runtime/asm_amd64.s:1771 +0x1 fp=0x2eddd1349fe8 sp=0x2eddd1349fe0 pc=0x490821
created by OpenLinkHub/src/devices/memory.(*Device).setAutoRefresh in goroutine 38
	/home/eweiss/Documents/Github/OpenLinkHub/src/devices/memory/memory.go:2168 +0x96

goroutine 42 gp=0x2eddd0044d20 m=nil [chan receive, 7 minutes]:
runtime.gopark(0x2eddcfae1848?, 0x41cf92?, 0xc0?, 0xc1?, 0x2eddcfae18a8?)
	/usr/lib/golang/src/runtime/proc.go:462 +0xce fp=0x2eddcfb2b820 sp=0x2eddcfb2b800 pc=0x48908e
runtime.chanrecv(0x2eddd036c150, 0x2eddcfae1bc0, 0x1)
	/usr/lib/golang/src/runtime/chan.go:667 +0x4ae fp=0x2eddcfb2b898 sp=0x2eddcfb2b820 pc=0x41d46e
runtime.chanrecv2(0x0?, 0x0?)
	/usr/lib/golang/src/runtime/chan.go:514 +0x12 fp=0x2eddcfb2b8c0 sp=0x2eddcfb2b898 pc=0x41cfb2
OpenLinkHub/src/monitor.Init.func1()
	/home/eweiss/Documents/Github/OpenLinkHub/src/monitor/monitor.go:85 +0x455 fp=0x2eddcfb2bfe0 sp=0x2eddcfb2b8c0 pc=0x1305095
runtime.goexit({})
	/usr/lib/golang/src/runtime/asm_amd64.s:1771 +0x1 fp=0x2eddcfb2bfe8 sp=0x2eddcfb2bfe0 pc=0x490821
created by OpenLinkHub/src/monitor.Init in goroutine 1
	/home/eweiss/Documents/Github/OpenLinkHub/src/monitor/monitor.go:61 +0x1a

goroutine 43 gp=0x2eddd0044f00 m=8 mp=0x2eddcfa80808 [syscall, 7 minutes]:
syscall.Syscall6(0x2d, 0x23, 0x2eddd0230000, 0x800, 0x0, 0x2eddd0219344, 0x2eddd02193b4)
	/usr/lib/golang/src/syscall/syscall_linux.go:96 +0x39 fp=0x2eddd02192a0 sp=0x2eddd0219240 pc=0x4a8519
syscall.recvfrom(0x1f83ee0?, {0x2eddd0230000?, 0x4259fe?, 0x7ff1ca78d4d8?}, 0x2eddd021934d?, 0x61e13c?, 0x10101ddcfb86060?)
	/usr/lib/golang/src/syscall/zsyscall_linux_amd64.go:1525 +0x4f fp=0x2eddd0219308 sp=0x2eddd02192a0 pc=0x4a7dcf
syscall.Recvfrom(0x2eddd0219a08?, {0x2eddd0230000?, 0x4?, 0x165b7d1?}, 0x17?)
	/usr/lib/golang/src/syscall/syscall_unix.go:322 +0x65 fp=0x2eddd02193d0 sp=0x2eddd0219308 pc=0x4a49e5
OpenLinkHub/src/monitor.Init.func2()
	/home/eweiss/Documents/Github/OpenLinkHub/src/monitor/monitor.go:162 +0x634 fp=0x2eddd0219fe0 sp=0x2eddd02193d0 pc=0x1305c14
runtime.goexit({})
	/usr/lib/golang/src/runtime/asm_amd64.s:1771 +0x1 fp=0x2eddd0219fe8 sp=0x2eddd0219fe0 pc=0x490821
created by OpenLinkHub/src/monitor.Init in goroutine 1
	/home/eweiss/Documents/Github/OpenLinkHub/src/monitor/monitor.go:119 +0x26

goroutine 82 gp=0x2eddd01a0000 m=nil [chan receive, 7 minutes]:
runtime.gopark(0x2eddcf96e2b8?, 0x14fab20?, 0x0?, 0x0?, 0x2eddcfbe8fa8?)
	/usr/lib/golang/src/runtime/proc.go:462 +0xce fp=0x2eddcfbe8f18 sp=0x2eddcfbe8ef8 pc=0x48908e
runtime.chanrecv(0x2eddd01a6000, 0x0, 0x1)
	/usr/lib/golang/src/runtime/chan.go:667 +0x4ae fp=0x2eddcfbe8f90 sp=0x2eddcfbe8f18 pc=0x41d46e
runtime.chanrecv1(0x2eddcfb02000?, 0x5d7d3b?)
	/usr/lib/golang/src/runtime/chan.go:509 +0x12 fp=0x2eddcfbe8fb8 sp=0x2eddcfbe8f90 pc=0x41cf92
github.com/godbus/dbus/v5.newConn.func1()
	/home/eweiss/go/pkg/mod/github.com/godbus/dbus/v5@v5.1.0/conn.go:303 +0x2c fp=0x2eddcfbe8fe0 sp=0x2eddcfbe8fb8 pc=0x12e170c
runtime.goexit({})
	/usr/lib/golang/src/runtime/asm_amd64.s:1771 +0x1 fp=0x2eddcfbe8fe8 sp=0x2eddcfbe8fe0 pc=0x490821
created by github.com/godbus/dbus/v5.newConn in goroutine 42
	/home/eweiss/go/pkg/mod/github.com/godbus/dbus/v5@v5.1.0/conn.go:302 +0x4da

goroutine 98 gp=0x2eddd036a000 m=nil [IO wait, 7 minutes]:
runtime.gopark(0x0?, 0x0?, 0x0?, 0x0?, 0x0?)
	/usr/lib/golang/src/runtime/proc.go:462 +0xce fp=0x2eddcfb25a60 sp=0x2eddcfb25a40 pc=0x48908e
runtime.netpollblock(0x0?, 0x41a186?, 0x0?)
	/usr/lib/golang/src/runtime/netpoll.go:575 +0xf7 fp=0x2eddcfb25a98 sp=0x2eddcfb25a60 pc=0x44cb97
internal/poll.runtime_pollWait(0x7ff1ca61e400, 0x72)
	/usr/lib/golang/src/runtime/netpoll.go:351 +0x85 fp=0x2eddcfb25ab8 sp=0x2eddcfb25a98 pc=0x488265
internal/poll.(*pollDesc).wait(0x2eddd0180000?, 0x2eddd031c1e0?, 0x0)
	/usr/lib/golang/src/internal/poll/fd_poll_runtime.go:84 +0x27 fp=0x2eddcfb25ae0 sp=0x2eddcfb25ab8 pc=0x4e3287
internal/poll.(*pollDesc).waitRead(...)
	/usr/lib/golang/src/internal/poll/fd_poll_runtime.go:89
internal/poll.(*FD).ReadMsg(0x2eddd0180000, {0x2eddd031c1e0, 0x10, 0x10}, {0x2eddd0402028, 0x1000, 0x1000}, 0x40000000)
	/usr/lib/golang/src/internal/poll/fd_unix.go:295 +0x37d fp=0x2eddcfb25bc8 sp=0x2eddcfb25ae0 pc=0x4e557d
net.(*netFD).readMsg(0x2eddd0180000, {0x2eddd031c1e0?, 0x8?, 0x16ac8b8?}, {0x2eddd0402028?, 0x15861c0?, 0x1f84ce0?}, 0x2eddd031e150?)
	/usr/lib/golang/src/net/fd_posix.go:91 +0x31 fp=0x2eddcfb25c50 sp=0x2eddcfb25bc8 pc=0x6691d1
net.(*UnixConn).readMsg(0x2eddcfa82020, {0x2eddd031c1e0?, 0x14abf00?, 0x2eddd032c4a8?}, {0x2eddd0402028?, 0x16ac8b8?, 0x1f82300?})
	/usr/lib/golang/src/net/unixsock_posix.go:115 +0x3d fp=0x2eddcfb25ce0 sp=0x2eddcfb25c50 pc=0x683bfd
net.(*UnixConn).ReadMsgUnix(0x2eddcfa82020, {0x2eddd031c1e0?, 0x2eddcfb25da0?, 0x5cf0e6?}, {0x2eddd0402028?, 0x3000001f82300?, 0x7ff18096e0c0?})
	/usr/lib/golang/src/net/unixsock.go:143 +0x36 fp=0x2eddcfb25d58 sp=0x2eddcfb25ce0 pc=0x682136
github.com/godbus/dbus/v5.(*oobReader).Read(0x2eddd0402008, {0x2eddd031c1e0?, 0x2eddcfb25e08?, 0x4266e5?})
	/home/eweiss/go/pkg/mod/github.com/godbus/dbus/v5@v5.1.0/transport_unix.go:21 +0x3c fp=0x2eddcfb25dd0 sp=0x2eddcfb25d58 pc=0x12f895c
io.ReadAtLeast({0x168cfa0, 0x2eddd0402008}, {0x2eddd031c1e0, 0x10, 0x10}, 0x10)
	/usr/lib/golang/src/io/io.go:335 +0x8e fp=0x2eddcfb25e18 sp=0x2eddcfb25dd0 pc=0x4a936e
io.ReadFull(...)
	/usr/lib/golang/src/io/io.go:354
github.com/godbus/dbus/v5.(*unixTransport).ReadMessage(0x2eddcf97e108)
	/home/eweiss/go/pkg/mod/github.com/godbus/dbus/v5@v5.1.0/transport_unix.go:91 +0xfa fp=0x2eddcfb25f58 sp=0x2eddcfb25e18 pc=0x12f8f3a
github.com/godbus/dbus/v5.(*Conn).inWorker(0x2eddcfbdc0f0)
	/home/eweiss/go/pkg/mod/github.com/godbus/dbus/v5@v5.1.0/conn.go:390 +0x37 fp=0x2eddcfb25fc8 sp=0x2eddcfb25f58 pc=0x12e1c37
github.com/godbus/dbus/v5.(*Conn).Auth.gowrap1()
	/home/eweiss/go/pkg/mod/github.com/godbus/dbus/v5@v5.1.0/auth.go:118 +0x17 fp=0x2eddcfb25fe0 sp=0x2eddcfb25fc8 pc=0x12def37
runtime.goexit({})
	/usr/lib/golang/src/runtime/asm_amd64.s:1771 +0x1 fp=0x2eddcfb25fe8 sp=0x2eddcfb25fe0 pc=0x490821
created by github.com/godbus/dbus/v5.(*Conn).Auth in goroutine 42
	/home/eweiss/go/pkg/mod/github.com/godbus/dbus/v5@v5.1.0/auth.go:118 +0x845

goroutine 70 gp=0x2eddd00441e0 m=nil [chan receive]:
runtime.gopark(0x2eddcfa35260?, 0x7ff161ffcab0?, 0x0?, 0xde?, 0x489ad0?)
	/usr/lib/golang/src/runtime/proc.go:462 +0xce fp=0x2eddd018ddc8 sp=0x2eddd018dda8 pc=0x48908e
runtime.chanrecv(0x2eddd036c000, 0x2eddd018df68, 0x1)
	/usr/lib/golang/src/runtime/chan.go:667 +0x4ae fp=0x2eddd018de40 sp=0x2eddd018ddc8 pc=0x41d46e
runtime.chanrecv2(0x2eddd0112000?, 0x2eddcff68b20?)
	/usr/lib/golang/src/runtime/chan.go:514 +0x12 fp=0x2eddd018de68 sp=0x2eddd018de40 pc=0x41cfb2
OpenLinkHub/src/devices/memory.(*Device).startQueueWorker.func1()
	/home/eweiss/Documents/Github/OpenLinkHub/src/devices/memory/memory.go:1566 +0x66 fp=0x2eddd018dfe0 sp=0x2eddd018de68 pc=0xe363a6
runtime.goexit({})
	/usr/lib/golang/src/runtime/asm_amd64.s:1771 +0x1 fp=0x2eddd018dfe8 sp=0x2eddd018dfe0 pc=0x490821
created by OpenLinkHub/src/devices/memory.(*Device).startQueueWorker in goroutine 38
	/home/eweiss/Documents/Github/OpenLinkHub/src/devices/memory/memory.go:1565 +0x8f

goroutine 78 gp=0x2eddd036a5a0 m=nil [chan receive, 7 minutes]:
runtime.gopark(0x2eddd01a8458?, 0x0?, 0x0?, 0x0?, 0x0?)
	/usr/lib/golang/src/runtime/proc.go:462 +0xce fp=0x2eddd018bb80 sp=0x2eddd018bb60 pc=0x48908e
runtime.chanrecv(0x2eddd01a83f0, 0x2eddd018bf38, 0x1)
	/usr/lib/golang/src/runtime/chan.go:667 +0x4ae fp=0x2eddd018bbf8 sp=0x2eddd018bb80 pc=0x41d46e
runtime.chanrecv2(0x0?, 0x0?)
	/usr/lib/golang/src/runtime/chan.go:514 +0x12 fp=0x2eddd018bc20 sp=0x2eddd018bbf8 pc=0x41cfb2
OpenLinkHub/src/devices/scimitarrgbelite.(*Device).startQueueWorker.func1()
	/home/eweiss/Documents/Github/OpenLinkHub/src/devices/scimitarrgbelite/scimitarrgbelite.go:2522 +0x79 fp=0x2eddd018bfe0 sp=0x2eddd018bc20 pc=0xfb2df9
runtime.goexit({})
	/usr/lib/golang/src/runtime/asm_amd64.s:1771 +0x1 fp=0x2eddd018bfe8 sp=0x2eddd018bfe0 pc=0x490821
created by OpenLinkHub/src/devices/scimitarrgbelite.(*Device).startQueueWorker in goroutine 37
	/home/eweiss/Documents/Github/OpenLinkHub/src/devices/scimitarrgbelite/scimitarrgbelite.go:2521 +0x8f

goroutine 159 gp=0x2eddd01a10e0 m=33 mp=0x2eddd050c808 [syscall]:
runtime.cgocall(0x1459280, 0x2eddd0f8fc58)
	/usr/lib/golang/src/runtime/cgocall.go:167 +0x4b fp=0x2eddd0f8fc30 sp=0x2eddd0f8fbf8 pc=0x48604b
github.com/sstallion/go-hid._Cfunc_hid_read_timeout(0x7ff1240067a0, 0x2eddd1cca2c0, 0x40, 0x64)
	_cgo_gotypes.go:439 +0x46 fp=0x2eddd0f8fc58 sp=0x2eddd0f8fc30 pc=0x575b06
github.com/sstallion/go-hid.(*Device).ReadWithTimeout.func1(...)
	/home/eweiss/go/pkg/mod/github.com/sstallion/go-hid@v0.14.1/hid.go:228
github.com/sstallion/go-hid.(*Device).ReadWithTimeout(0x2eddd0f31ac8, {0x2eddd1cca2c0, 0x40, 0x0?}, 0x0?)
	/home/eweiss/go/pkg/mod/github.com/sstallion/go-hid@v0.14.1/hid.go:228 +0xa9 fp=0x2eddd0f8fca8 sp=0x2eddd0f8fc58 pc=0x576b09
OpenLinkHub/src/devices/k95platinum.(*Device).getListenerData(0x2eddd0784d20)
	/home/eweiss/Documents/Github/OpenLinkHub/src/devices/k95platinum/k95platinum.go:2099 +0x56 fp=0x2eddd0f8fcf0 sp=0x2eddd0f8fca8 pc=0xcb5736
OpenLinkHub/src/devices/k95platinum.(*Device).backendListener.func1()
	/home/eweiss/Documents/Github/OpenLinkHub/src/devices/k95platinum/k95platinum.go:2138 +0x1fd fp=0x2eddd0f8ffe0 sp=0x2eddd0f8fcf0 pc=0xcb59fd
runtime.goexit({})
	/usr/lib/golang/src/runtime/asm_amd64.s:1771 +0x1 fp=0x2eddd0f8ffe8 sp=0x2eddd0f8ffe0 pc=0x490821
created by OpenLinkHub/src/devices/k95platinum.(*Device).backendListener in goroutine 41
	/home/eweiss/Documents/Github/OpenLinkHub/src/devices/k95platinum/k95platinum.go:2108 +0x4f

goroutine 302 gp=0x2eddd0f043c0 m=nil [chan receive, 7 minutes]:
runtime.gopark(0x2eddcff6c1b8?, 0x4b6e6f6974636e75?, 0x65?, 0x79?, 0x736c61663a226c61?)
	/usr/lib/golang/src/runtime/proc.go:462 +0xce fp=0x2eddd0decb68 sp=0x2eddd0decb48 pc=0x48908e
runtime.chanrecv(0x2eddcff6c150, 0x2eddd0decf78, 0x1)
	/usr/lib/golang/src/runtime/chan.go:667 +0x4ae fp=0x2eddd0decbe0 sp=0x2eddd0decb68 pc=0x41d46e
runtime.chanrecv2(0x428deb?, 0x1f77e00?)
	/usr/lib/golang/src/runtime/chan.go:514 +0x12 fp=0x2eddd0decc08 sp=0x2eddd0decbe0 pc=0x41cfb2
OpenLinkHub/src/devices/cc.(*Device).startQueueWorker.func1()
	/home/eweiss/Documents/Github/OpenLinkHub/src/devices/cc/cc.go:3507 +0x79 fp=0x2eddd0decfe0 sp=0x2eddd0decc08 pc=0x836519
runtime.goexit({})
	/usr/lib/golang/src/runtime/asm_amd64.s:1771 +0x1 fp=0x2eddd0decfe8 sp=0x2eddd0decfe0 pc=0x490821
created by OpenLinkHub/src/devices/cc.(*Device).startQueueWorker in goroutine 40
	/home/eweiss/Documents/Github/OpenLinkHub/src/devices/cc/cc.go:3506 +0x8f

goroutine 269 gp=0x2eddd0f045a0 m=nil [select]:
runtime.gopark(0x2eddd0613d48?, 0x2?, 0x40?, 0xce?, 0x2eddd0612b98?)
	/usr/lib/golang/src/runtime/proc.go:462 +0xce fp=0x2eddd0612a30 sp=0x2eddd0612a10 pc=0x48908e
runtime.selectgo(0x2eddd0613d48, 0x2eddd0612b94, 0x0?, 0x0, 0x3?, 0x1)
	/usr/lib/golang/src/runtime/select.go:351 +0xaa5 fp=0x2eddd0612b60 sp=0x2eddd0612a30 pc=0x467465
OpenLinkHub/src/devices/cc.(*Device).updateDeviceSpeed.func1()
	/home/eweiss/Documents/Github/OpenLinkHub/src/devices/cc/cc.go:1781 +0x211 fp=0x2eddd0613fe0 sp=0x2eddd0612b60 pc=0x8272d1
runtime.goexit({})
	/usr/lib/golang/src/runtime/asm_amd64.s:1771 +0x1 fp=0x2eddd0613fe8 sp=0x2eddd0613fe0 pc=0x490821
created by OpenLinkHub/src/devices/cc.(*Device).updateDeviceSpeed in goroutine 40
	/home/eweiss/Documents/Github/OpenLinkHub/src/devices/cc/cc.go:1769 +0x96

goroutine 261 gp=0x2eddd0f04f00 m=nil [select]:
runtime.gopark(0x2eddd1347fb0?, 0x2?, 0x0?, 0x23?, 0x2eddd1347fa4?)
	/usr/lib/golang/src/runtime/proc.go:462 +0xce fp=0x2eddd1347e40 sp=0x2eddd1347e20 pc=0x48908e
runtime.selectgo(0x2eddd1347fb0, 0x2eddd1347fa0, 0x100000000000000?, 0x0, 0x2eddd0e80c40?, 0x1)
	/usr/lib/golang/src/runtime/select.go:351 +0xaa5 fp=0x2eddd1347f70 sp=0x2eddd1347e40 pc=0x467465
OpenLinkHub/src/devices/cc.(*Device).setAutoRefresh.func1()
	/home/eweiss/Documents/Github/OpenLinkHub/src/devices/cc/cc.go:2215 +0x7b fp=0x2eddd1347fe0 sp=0x2eddd1347f70 pc=0x82c51b
runtime.goexit({})
	/usr/lib/golang/src/runtime/asm_amd64.s:1771 +0x1 fp=0x2eddd1347fe8 sp=0x2eddd1347fe0 pc=0x490821
created by OpenLinkHub/src/devices/cc.(*Device).setAutoRefresh in goroutine 40
	/home/eweiss/Documents/Github/OpenLinkHub/src/devices/cc/cc.go:2213 +0x96

goroutine 48499 gp=0x2eddd0f052c0 m=nil [IO wait]:
runtime.gopark(0x4e6617?, 0x2eddd0328000?, 0x38?, 0x7a?, 0xb?)
	/usr/lib/golang/src/runtime/proc.go:462 +0xce fp=0x2eddd1067940 sp=0x2eddd1067920 pc=0x48908e
runtime.netpollblock(0x4a6938?, 0x41a186?, 0x0?)
	/usr/lib/golang/src/runtime/netpoll.go:575 +0xf7 fp=0x2eddd1067978 sp=0x2eddd1067940 pc=0x44cb97
internal/poll.runtime_pollWait(0x7ff18061ea00, 0x72)
	/usr/lib/golang/src/runtime/netpoll.go:351 +0x85 fp=0x2eddd1067998 sp=0x2eddd1067978 pc=0x488265
internal/poll.(*pollDesc).wait(0x2eddd0328000?, 0x2eddd0cd8000?, 0x0)
	/usr/lib/golang/src/internal/poll/fd_poll_runtime.go:84 +0x27 fp=0x2eddd10679c0 sp=0x2eddd1067998 pc=0x4e3287
internal/poll.(*pollDesc).waitRead(...)
	/usr/lib/golang/src/internal/poll/fd_poll_runtime.go:89
internal/poll.(*FD).Read(0x2eddd0328000, {0x2eddd0cd8000, 0x1000, 0x1000})
	/usr/lib/golang/src/internal/poll/fd_unix.go:165 +0x2ae fp=0x2eddd1067a58 sp=0x2eddd10679c0 pc=0x4e44ae
net.(*netFD).Read(0x2eddd0328000, {0x2eddd0cd8000?, 0x4e36e0?, 0x2eddd0328000?})
	/usr/lib/golang/src/net/fd_posix.go:68 +0x25 fp=0x2eddd1067aa0 sp=0x2eddd1067a58 pc=0x668dc5
net.(*conn).Read(0x2eddd0a18030, {0x2eddd0cd8000?, 0x0?, 0x72?})
	/usr/lib/golang/src/net/net.go:196 +0x45 fp=0x2eddd1067ae8 sp=0x2eddd1067aa0 pc=0x674cc5
net/http.(*connReader).Read(0x2eddd098ec40, {0x2eddd0cd8000, 0x1000, 0x1000})
	/usr/lib/golang/src/net/http/server.go:812 +0x154 fp=0x2eddd1067b40 sp=0x2eddd1067ae8 pc=0x7aa1d4
bufio.(*Reader).fill(0x2eddd0adeb40)
	/usr/lib/golang/src/bufio/bufio.go:113 +0x103 fp=0x2eddd1067b78 sp=0x2eddd1067b40 pc=0x578943
bufio.(*Reader).Peek(0x2eddd0adeb40, 0x4)
	/usr/lib/golang/src/bufio/bufio.go:152 +0x53 fp=0x2eddd1067b90 sp=0x2eddd1067b78 pc=0x578a73
net/http.(*conn).serve(0x2eddcff10240, {0x1692588, 0x2eddd0c5cc60})
	/usr/lib/golang/src/net/http/server.go:2109 +0x7b3 fp=0x2eddd1067fb8 sp=0x2eddd1067b90 pc=0x7b02f3
net/http.(*Server).Serve.gowrap3()
	/usr/lib/golang/src/net/http/server.go:3464 +0x1f fp=0x2eddd1067fe0 sp=0x2eddd1067fb8 pc=0x7b5c9f
runtime.goexit({})
	/usr/lib/golang/src/runtime/asm_amd64.s:1771 +0x1 fp=0x2eddd1067fe8 sp=0x2eddd1067fe0 pc=0x490821
created by net/http.(*Server).Serve in goroutine 1
	/usr/lib/golang/src/net/http/server.go:3464 +0x485

goroutine 48458 gp=0x2eddd10dc3c0 m=nil [IO wait]:
runtime.gopark(0x4e6617?, 0x2eddd0c94000?, 0x38?, 0x7a?, 0xb?)
	/usr/lib/golang/src/runtime/proc.go:462 +0xce fp=0x2eddd0217940 sp=0x2eddd0217920 pc=0x48908e
runtime.netpollblock(0x4a6938?, 0x41a186?, 0x0?)
	/usr/lib/golang/src/runtime/netpoll.go:575 +0xf7 fp=0x2eddd0217978 sp=0x2eddd0217940 pc=0x44cb97
internal/poll.runtime_pollWait(0x7ff18061f600, 0x72)
	/usr/lib/golang/src/runtime/netpoll.go:351 +0x85 fp=0x2eddd0217998 sp=0x2eddd0217978 pc=0x488265
internal/poll.(*pollDesc).wait(0x2eddd0c94000?, 0x2eddd0b32000?, 0x0)
	/usr/lib/golang/src/internal/poll/fd_poll_runtime.go:84 +0x27 fp=0x2eddd02179c0 sp=0x2eddd0217998 pc=0x4e3287
internal/poll.(*pollDesc).waitRead(...)
	/usr/lib/golang/src/internal/poll/fd_poll_runtime.go:89
internal/poll.(*FD).Read(0x2eddd0c94000, {0x2eddd0b32000, 0x1000, 0x1000})
	/usr/lib/golang/src/internal/poll/fd_unix.go:165 +0x2ae fp=0x2eddd0217a58 sp=0x2eddd02179c0 pc=0x4e44ae
net.(*netFD).Read(0x2eddd0c94000, {0x2eddd0b32000?, 0x4e36e0?, 0x2eddd0c94000?})
	/usr/lib/golang/src/net/fd_posix.go:68 +0x25 fp=0x2eddd0217aa0 sp=0x2eddd0217a58 pc=0x668dc5
net.(*conn).Read(0x2eddcfbc8598, {0x2eddd0b32000?, 0x0?, 0x72?})
	/usr/lib/golang/src/net/net.go:196 +0x45 fp=0x2eddd0217ae8 sp=0x2eddd0217aa0 pc=0x674cc5
net/http.(*connReader).Read(0x2eddd0c0a080, {0x2eddd0b32000, 0x1000, 0x1000})
	/usr/lib/golang/src/net/http/server.go:812 +0x154 fp=0x2eddd0217b40 sp=0x2eddd0217ae8 pc=0x7aa1d4
bufio.(*Reader).fill(0x2eddd0e6e720)
	/usr/lib/golang/src/bufio/bufio.go:113 +0x103 fp=0x2eddd0217b78 sp=0x2eddd0217b40 pc=0x578943
bufio.(*Reader).Peek(0x2eddd0e6e720, 0x4)
	/usr/lib/golang/src/bufio/bufio.go:152 +0x53 fp=0x2eddd0217b90 sp=0x2eddd0217b78 pc=0x578a73
net/http.(*conn).serve(0x2eddd1436000, {0x1692588, 0x2eddd0c5cc60})
	/usr/lib/golang/src/net/http/server.go:2109 +0x7b3 fp=0x2eddd0217fb8 sp=0x2eddd0217b90 pc=0x7b02f3
net/http.(*Server).Serve.gowrap3()
	/usr/lib/golang/src/net/http/server.go:3464 +0x1f fp=0x2eddd0217fe0 sp=0x2eddd0217fb8 pc=0x7b5c9f
runtime.goexit({})
	/usr/lib/golang/src/runtime/asm_amd64.s:1771 +0x1 fp=0x2eddd0217fe8 sp=0x2eddd0217fe0 pc=0x490821
created by net/http.(*Server).Serve in goroutine 1
	/usr/lib/golang/src/net/http/server.go:3464 +0x485

goroutine 102991 gp=0x2eddd1717860 m=nil [chan send]:
runtime.gopark(0x12eddcfa0b698?, 0x1?, 0xc0?, 0x59?, 0x2eddcfa81008?)
	/usr/lib/golang/src/runtime/proc.go:462 +0xce fp=0x2eddcfa0b690 sp=0x2eddcfa0b670 pc=0x48908e
runtime.chansend(0x2eddcf99a3f0, 0x16844d8, 0x1, 0x2eddcfa34000?)
	/usr/lib/golang/src/runtime/chan.go:283 +0x3fc fp=0x2eddcfa0b700 sp=0x2eddcfa0b690 pc=0x41c47c
runtime.chansend1(0x2eddcf981210?, 0x2eddcfa0b7c0?)
	/usr/lib/golang/src/runtime/chan.go:161 +0x17 fp=0x2eddcfa0b730 sp=0x2eddcfa0b700 pc=0x41c077
OpenLinkHub/src/cluster.(*Device).Stop.func1.1()
	/home/eweiss/Documents/Github/OpenLinkHub/src/cluster/cluster.go:109 +0x35 fp=0x2eddcfa0b758 sp=0x2eddcfa0b730 pc=0x6392f5
sync.(*Once).doSlow(0x168e108?, 0x16877c8?)
	/usr/lib/golang/src/sync/once.go:78 +0xac fp=0x2eddcfa0b7b0 sp=0x2eddcfa0b758 pc=0x49594c
sync.(*Once).Do(...)
	/usr/lib/golang/src/sync/once.go:69
OpenLinkHub/src/cluster.(*Device).Stop.func1()
	/home/eweiss/Documents/Github/OpenLinkHub/src/cluster/cluster.go:107 +0x37 fp=0x2eddcfa0b7e0 sp=0x2eddcfa0b7b0 pc=0x639297
runtime.goexit({})
	/usr/lib/golang/src/runtime/asm_amd64.s:1771 +0x1 fp=0x2eddcfa0b7e8 sp=0x2eddcfa0b7e0 pc=0x490821
created by OpenLinkHub/src/cluster.(*Device).Stop in goroutine 8
	/home/eweiss/Documents/Github/OpenLinkHub/src/cluster/cluster.go:106 +0x229

goroutine 48495 gp=0x2eddd114ba40 m=nil [IO wait]:
runtime.gopark(0x4e6617?, 0x2eddd0aa6280?, 0x38?, 0x3a?, 0xb?)
	/usr/lib/golang/src/runtime/proc.go:462 +0xce fp=0x2eddd0f93940 sp=0x2eddd0f93920 pc=0x48908e
runtime.netpollblock(0x4a6938?, 0x41a186?, 0x0?)
	/usr/lib/golang/src/runtime/netpoll.go:575 +0xf7 fp=0x2eddd0f93978 sp=0x2eddd0f93940 pc=0x44cb97
internal/poll.runtime_pollWait(0x7ff18083fe00, 0x72)
	/usr/lib/golang/src/runtime/netpoll.go:351 +0x85 fp=0x2eddd0f93998 sp=0x2eddd0f93978 pc=0x488265
internal/poll.(*pollDesc).wait(0x2eddd0aa6280?, 0x2eddd0cfc000?, 0x0)
	/usr/lib/golang/src/internal/poll/fd_poll_runtime.go:84 +0x27 fp=0x2eddd0f939c0 sp=0x2eddd0f93998 pc=0x4e3287
internal/poll.(*pollDesc).waitRead(...)
	/usr/lib/golang/src/internal/poll/fd_poll_runtime.go:89
internal/poll.(*FD).Read(0x2eddd0aa6280, {0x2eddd0cfc000, 0x1000, 0x1000})
	/usr/lib/golang/src/internal/poll/fd_unix.go:165 +0x2ae fp=0x2eddd0f93a58 sp=0x2eddd0f939c0 pc=0x4e44ae
net.(*netFD).Read(0x2eddd0aa6280, {0x2eddd0cfc000?, 0x4e36e0?, 0x2eddd0aa6280?})
	/usr/lib/golang/src/net/fd_posix.go:68 +0x25 fp=0x2eddd0f93aa0 sp=0x2eddd0f93a58 pc=0x668dc5
net.(*conn).Read(0x2eddd0b00110, {0x2eddd0cfc000?, 0x0?, 0x72?})
	/usr/lib/golang/src/net/net.go:196 +0x45 fp=0x2eddd0f93ae8 sp=0x2eddd0f93aa0 pc=0x674cc5
net/http.(*connReader).Read(0x2eddd098ed00, {0x2eddd0cfc000, 0x1000, 0x1000})
	/usr/lib/golang/src/net/http/server.go:812 +0x154 fp=0x2eddd0f93b40 sp=0x2eddd0f93ae8 pc=0x7aa1d4
bufio.(*Reader).fill(0x2eddd0adeba0)
	/usr/lib/golang/src/bufio/bufio.go:113 +0x103 fp=0x2eddd0f93b78 sp=0x2eddd0f93b40 pc=0x578943
bufio.(*Reader).Peek(0x2eddd0adeba0, 0x4)
	/usr/lib/golang/src/bufio/bufio.go:152 +0x53 fp=0x2eddd0f93b90 sp=0x2eddd0f93b78 pc=0x578a73
net/http.(*conn).serve(0x2eddd0386090, {0x1692588, 0x2eddd0c5cc60})
	/usr/lib/golang/src/net/http/server.go:2109 +0x7b3 fp=0x2eddd0f93fb8 sp=0x2eddd0f93b90 pc=0x7b02f3
net/http.(*Server).Serve.gowrap3()
	/usr/lib/golang/src/net/http/server.go:3464 +0x1f fp=0x2eddd0f93fe0 sp=0x2eddd0f93fb8 pc=0x7b5c9f
runtime.goexit({})
	/usr/lib/golang/src/runtime/asm_amd64.s:1771 +0x1 fp=0x2eddd0f93fe8 sp=0x2eddd0f93fe0 pc=0x490821
created by net/http.(*Server).Serve in goroutine 1
	/usr/lib/golang/src/net/http/server.go:3464 +0x485

goroutine 102860 gp=0x2eddd1c8ed20 m=nil [runnable]:
OpenLinkHub/src/devices/memory.(*Device).Stop.func1()
	/home/eweiss/Documents/Github/OpenLinkHub/src/devices/memory/memory.go:294 fp=0x2eddd11affe0 sp=0x2eddd11affd8 pc=0xe2bfc0
runtime.goexit({})
	/usr/lib/golang/src/runtime/asm_amd64.s:1771 +0x1 fp=0x2eddd11affe8 sp=0x2eddd11affe0 pc=0x490821
created by OpenLinkHub/src/devices/memory.(*Device).Stop in goroutine 8
	/home/eweiss/Documents/Github/OpenLinkHub/src/devices/memory/memory.go:294 +0x28d

goroutine 102199 gp=0x2eddd0f1f2c0 m=nil [runnable]:
OpenLinkHub/src/devices/cc.(*Device).Stop.func1()
	/home/eweiss/Documents/Github/OpenLinkHub/src/devices/cc/cc.go:515 fp=0x2eddd0f61fe0 sp=0x2eddd0f61fd8 pc=0x81a6e0
runtime.goexit({})
	/usr/lib/golang/src/runtime/asm_amd64.s:1771 +0x1 fp=0x2eddd0f61fe8 sp=0x2eddd0f61fe0 pc=0x490821
created by OpenLinkHub/src/devices/cc.(*Device).Stop in goroutine 8
	/home/eweiss/Documents/Github/OpenLinkHub/src/devices/cc/cc.go:515 +0x28d

goroutine 48518 gp=0x2eddd16452c0 m=nil [IO wait]:
runtime.gopark(0x4e6617?, 0x2eddd0b94280?, 0x38?, 0x7a?, 0xb?)
	/usr/lib/golang/src/runtime/proc.go:462 +0xce fp=0x2eddcfb27940 sp=0x2eddcfb27920 pc=0x48908e
runtime.netpollblock(0x4a6938?, 0x41a186?, 0x0?)
	/usr/lib/golang/src/runtime/netpoll.go:575 +0xf7 fp=0x2eddcfb27978 sp=0x2eddcfb27940 pc=0x44cb97
internal/poll.runtime_pollWait(0x7ff18061f000, 0x72)
	/usr/lib/golang/src/runtime/netpoll.go:351 +0x85 fp=0x2eddcfb27998 sp=0x2eddcfb27978 pc=0x488265
internal/poll.(*pollDesc).wait(0x2eddd0b94280?, 0x2eddd0f09000?, 0x0)
	/usr/lib/golang/src/internal/poll/fd_poll_runtime.go:84 +0x27 fp=0x2eddcfb279c0 sp=0x2eddcfb27998 pc=0x4e3287
internal/poll.(*pollDesc).waitRead(...)
	/usr/lib/golang/src/internal/poll/fd_poll_runtime.go:89
internal/poll.(*FD).Read(0x2eddd0b94280, {0x2eddd0f09000, 0x1000, 0x1000})
	/usr/lib/golang/src/internal/poll/fd_unix.go:165 +0x2ae fp=0x2eddcfb27a58 sp=0x2eddcfb279c0 pc=0x4e44ae
net.(*netFD).Read(0x2eddd0b94280, {0x2eddd0f09000?, 0x4e36e0?, 0x2eddd0b94280?})
	/usr/lib/golang/src/net/fd_posix.go:68 +0x25 fp=0x2eddcfb27aa0 sp=0x2eddcfb27a58 pc=0x668dc5
net.(*conn).Read(0x2eddd09b22e8, {0x2eddd0f09000?, 0x0?, 0x72?})
	/usr/lib/golang/src/net/net.go:196 +0x45 fp=0x2eddcfb27ae8 sp=0x2eddcfb27aa0 pc=0x674cc5
net/http.(*connReader).Read(0x2eddd0c8a440, {0x2eddd0f09000, 0x1000, 0x1000})
	/usr/lib/golang/src/net/http/server.go:812 +0x154 fp=0x2eddcfb27b40 sp=0x2eddcfb27ae8 pc=0x7aa1d4
bufio.(*Reader).fill(0x2eddd09b8360)
	/usr/lib/golang/src/bufio/bufio.go:113 +0x103 fp=0x2eddcfb27b78 sp=0x2eddcfb27b40 pc=0x578943
bufio.(*Reader).Peek(0x2eddd09b8360, 0x4)
	/usr/lib/golang/src/bufio/bufio.go:152 +0x53 fp=0x2eddcfb27b90 sp=0x2eddcfb27b78 pc=0x578a73
net/http.(*conn).serve(0x2eddcfb062d0, {0x1692588, 0x2eddd0c5cc60})
	/usr/lib/golang/src/net/http/server.go:2109 +0x7b3 fp=0x2eddcfb27fb8 sp=0x2eddcfb27b90 pc=0x7b02f3
net/http.(*Server).Serve.gowrap3()
	/usr/lib/golang/src/net/http/server.go:3464 +0x1f fp=0x2eddcfb27fe0 sp=0x2eddcfb27fb8 pc=0x7b5c9f
runtime.goexit({})
	/usr/lib/golang/src/runtime/asm_amd64.s:1771 +0x1 fp=0x2eddcfb27fe8 sp=0x2eddcfb27fe0 pc=0x490821
created by net/http.(*Server).Serve in goroutine 1
	/usr/lib/golang/src/net/http/server.go:3464 +0x485

rax    0x0
rbx    0x115fb
rcx    0x7ff1ca85d80c
rdx    0x6
rdi    0x1159c
rsi    0x115fb
rbp    0x7ff103ffea50
rsp    0x7ff103ffea20
r8     0xffffffff
r9     0x0
r10    0x22
r11    0x246
r12    0x7ff103ffeb90
r13    0x7ff1ca600000
r14    0x6
r15    0x0
rip    0x7ff1ca85d80c
rflags 0x246
cs     0x33
fs     0x0
gs     0x0
